
// slice와 splice(원본배열값 수정) 차이 
nums = Array(20).fill().map((_,i) => i)
(20) [0, 1, 2, 3, 4, 5, 6, 7, 8, 9, 10, 11, 12, 13, 14, 15, 16, 17, 18, 19]
nums.slice(2, 9)
(7) [2, 3, 4, 5, 6, 7, 8]


nums.slice(0, 9).concat(nums.slice(10))
(19) [0, 1, 2, 3, 4, 5, 6, 7, 8, 10, 11, 12, 13, 14, 15, 16, 17, 18, 19]

nums
(20) [0, 1, 2, 3, 4, 5, 6, 7, 8, 9, 10, 11, 12, 13, 14, 15, 16, 17, 18, 19]
nums.splice(5, 6)
(6) [5, 6, 7, 8, 9, 10]
nums
(14) [0, 1, 2, 3, 4, 11, 12, 13, 14, 15, 16, 17, 18, 19]
nums.splice(5, 0, -5, -6, -7)
[]length: 0[[Prototype]]: Array(0)
nums
(17) [0, 1, 2, 3, 4, -5, -6, -7, 11, 12, 13, 14, 15, 16, 17, 18, 19]
nums.splice(10, 2, 10, -11)
(2) [13, 14]
nums
(17) [0, 1, 2, 3, 4, -5, -6, -7, 11, 12, 10, -11, 15, 16, 17, 18, 19]